\BOOKMARK [1][-]{section.1}{\376\377\000I\000n\000t\000r\000o\000d\000u\000c\000t\000i\000o\000n}{}% 1
\BOOKMARK [2][-]{subsection.1.1}{\376\377\000S\000c\000e\000n\000e\000-\000S\000e\000t\000t\000i\000n\000g\000:\000\040\000W\000h\000a\000t\000\040\000P\000a\000p\000e\000r\000s\000\040\0002\0009\040\023\0003\0004\000\040\000E\000s\000t\000a\000b\000l\000i\000s\000h\000e\000d}{section.1}% 2
\BOOKMARK [1][-]{section.2}{\376\377\000T\000h\000e\000o\000r\000e\000m\000\040\000A\000:\000\040\000B\000I\000S\000H\000\040\000C\000o\000n\000s\000e\000r\000v\000a\000t\000i\000o\000n}{}% 3
\BOOKMARK [1][-]{section.3}{\376\377\000T\000h\000e\000o\000r\000e\000m\000\040\000B\000:\000\040\000T\000h\000e\000\040\000L\000P\000O\000\040\000B\000o\000u\000n\000d\000a\000r\000y}{}% 4
\BOOKMARK [2][-]{subsection.3.1}{\376\377\000B\0001\000:\000\040\000L\000i\000m\000i\000t\000\040\000w\000i\000t\000h\000\040\000M\000o\000d\000u\000l\000u\000s\000\040\000\040\000B\000I\000S\000H}{section.3}% 5
\BOOKMARK [2][-]{subsection.3.2}{\376\377\000B\0002\000:\000\040\000B\000o\000u\000n\000d\000e\000d\000\040\000M\000o\000n\000o\000t\000o\000n\000e\000\040\000L\000i\000m\000i\000t\000\040\000\040\000L\000P\000O}{section.3}% 6
\BOOKMARK [2][-]{subsection.3.3}{\376\377\000B\0003\000:\000\040\000E\000q\000u\000a\000l\000i\000t\000y\000\040\000D\000e\000c\000i\000s\000i\000o\000n\000\040\000\040\000W\000L\000P\000O}{section.3}% 7
\BOOKMARK [1][-]{section.4}{\376\377\000T\000h\000e\000o\000r\000e\000m\000\040\000C\000:\000\040\000E\000x\000h\000a\000u\000s\000t\000i\000v\000e\000n\000e\000s\000s}{}% 8
\BOOKMARK [1][-]{section.5}{\376\377\000T\000h\000e\000o\000r\000e\000m\000\040\000D\000:\000\040\000T\000h\000r\000e\000e\000\040\000M\000e\000c\000h\000a\000n\000i\000s\000m\000s}{}% 9
\BOOKMARK [1][-]{section.6}{\376\377\000M\000a\000s\000t\000e\000r\000\040\000T\000h\000e\000o\000r\000e\000m}{}% 10
\BOOKMARK [1][-]{section.7}{\376\377\000C\000R\000M\000\040\000A\000u\000d\000i\000t}{}% 11
\BOOKMARK [1][-]{section.8}{\376\377\000C\000o\000d\000e\000\040\000A\000r\000c\000h\000i\000t\000e\000c\000t\000u\000r\000e}{}% 12
\BOOKMARK [2][-]{subsection.8.1}{\376\377\000A\000x\000i\000o\000m\000\040\000A\000u\000d\000i\000t}{section.8}% 13
\BOOKMARK [1][-]{section.9}{\376\377\000R\000e\000p\000r\000o\000d\000u\000c\000i\000b\000i\000l\000i\000t\000y}{}% 14
\BOOKMARK [1][-]{section.10}{\376\377\000D\000i\000s\000c\000u\000s\000s\000i\000o\000n}{}% 15
\BOOKMARK [2][-]{subsection.10.1}{\376\377\000W\000h\000y\000\040\000L\000P\000O\000\040\000I\000s\000\040\000t\000h\000e\000\040\000C\000e\000i\000l\000i\000n\000g}{section.10}% 16
\BOOKMARK [2][-]{subsection.10.2}{\376\377\000W\000h\000a\000t\000\040\000B\000I\000S\000H\000+\000L\000P\000O\000\040\000E\000x\000c\000l\000u\000d\000e\000s}{section.10}% 17
\BOOKMARK [2][-]{subsection.10.3}{\376\377\000F\000a\000l\000s\000i\000f\000i\000a\000b\000i\000l\000i\000t\000y}{section.10}% 18
\BOOKMARK [1][-]{section.11}{\376\377\000C\000o\000n\000c\000l\000u\000s\000i\000o\000n}{}% 19
\BOOKMARK [1][-]{section.12}{\376\377\000A\000I\000-\000A\000s\000s\000i\000s\000t\000e\000d\000\040\000M\000e\000t\000h\000o\000d\000o\000l\000o\000g\000y}{}% 20
