\BOOKMARK [0][-]{chapter*.3}{\376\377\000P\000r\000e\000f\000a\000c\000e}{}% 1
\BOOKMARK [0][-]{chapter*.8}{\376\377\000P\000r\000o\000l\000o\000g\000u\000e\000:\000\040\000T\000h\000e\000\040\000I\000n\000t\000e\000l\000l\000e\000c\000t\000u\000a\000l\000\040\000J\000o\000u\000r\000n\000e\000y}{}% 2
\BOOKMARK [0][-]{chapter.1}{\376\377\000I\000n\000t\000r\000o\000d\000u\000c\000t\000i\000o\000n\000\040\040\024\000\040\000W\000h\000a\000t\000\040\000T\000h\000i\000s\000\040\000P\000a\000p\000e\000r\000\040\000P\000r\000o\000v\000e\000s}{}% 3
\BOOKMARK [1][-]{section.1.1}{\376\377\000T\000h\000e\000\040\000M\000a\000i\000n\000\040\000R\000e\000s\000u\000l\000t}{chapter.1}% 4
\BOOKMARK [1][-]{section.1.2}{\376\377\000W\000h\000y\000\040\000T\000h\000i\000s\000\040\000M\000a\000t\000t\000e\000r\000s}{chapter.1}% 5
\BOOKMARK [1][-]{section.1.3}{\376\377\000T\000h\000e\000\040\000H\000i\000e\000r\000a\000r\000c\000h\000y\000\040\000a\000t\000\040\000a\000\040\000G\000l\000a\000n\000c\000e}{chapter.1}% 6
\BOOKMARK [1][-]{section.1.4}{\376\377\000S\000t\000r\000u\000c\000t\000u\000r\000e\000\040\000o\000f\000\040\000T\000h\000i\000s\000\040\000M\000o\000n\000o\000g\000r\000a\000p\000h}{chapter.1}% 7
\BOOKMARK [1][-]{section.1.5}{\376\377\000W\000h\000a\000t\000\040\000T\000h\000i\000s\000\040\000P\000a\000p\000e\000r\000\040\000D\000o\000e\000s\000\040\000N\000o\000t\000\040\000P\000r\000o\000v\000e}{chapter.1}% 8
\BOOKMARK [0][-]{chapter.2}{\376\377\000T\000h\000e\000\040\000C\000o\000n\000s\000t\000r\000u\000c\000t\000i\000v\000e\000\040\000H\000i\000e\000r\000a\000r\000c\000h\000y}{}% 9
\BOOKMARK [1][-]{section.2.1}{\376\377\000B\000i\000s\000h\000o\000p\000'\000s\000\040\000C\000o\000n\000s\000t\000r\000u\000c\000t\000i\000v\000e\000\040\000M\000a\000t\000h\000e\000m\000a\000t\000i\000c\000s\000\040\000\050\000B\000I\000S\000H\000\051}{chapter.2}% 10
\BOOKMARK [1][-]{section.2.2}{\376\377\000T\000h\000e\000\040\000L\000i\000m\000i\000t\000e\000d\000\040\000P\000r\000i\000n\000c\000i\000p\000l\000e\000\040\000o\000f\000\040\000O\000m\000n\000i\000s\000c\000i\000e\000n\000c\000e\000\040\000\050\000L\000P\000O\000\051}{chapter.2}% 11
\BOOKMARK [1][-]{section.2.3}{\376\377\000T\000h\000e\000\040\000W\000e\000a\000k\000\040\000L\000i\000m\000i\000t\000e\000d\000\040\000P\000r\000i\000n\000c\000i\000p\000l\000e\000\040\000o\000f\000\040\000O\000m\000n\000i\000s\000c\000i\000e\000n\000c\000e\000\040\000\050\000W\000L\000P\000O\000\051}{chapter.2}% 12
\BOOKMARK [1][-]{section.2.4}{\376\377\000T\000h\000e\000\040\000L\000e\000s\000s\000e\000r\000\040\000L\000i\000m\000i\000t\000e\000d\000\040\000P\000r\000i\000n\000c\000i\000p\000l\000e\000\040\000o\000f\000\040\000O\000m\000n\000i\000s\000c\000i\000e\000n\000c\000e\000\040\000\050\000L\000L\000P\000O\000\051}{chapter.2}% 13
\BOOKMARK [1][-]{section.2.5}{\376\377\000W\000h\000a\000t\000\040\000L\000i\000e\000s\000\040\000A\000b\000o\000v\000e\000\040\000L\000P\000O}{chapter.2}% 14
\BOOKMARK [1][-]{section.2.6}{\376\377\000T\000h\000e\000\040\000A\000r\000i\000t\000h\000m\000e\000t\000i\000c\000\040\000H\000i\000e\000r\000a\000r\000c\000h\000y\000\040\000a\000n\000d\000\040\0000\0002}{chapter.2}% 15
\BOOKMARK [0][-]{chapter.3}{\376\377\000T\000h\000e\000\040\000C\000a\000l\000i\000b\000r\000a\000t\000i\000o\000n\000\040\000T\000a\000b\000l\000e}{}% 16
\BOOKMARK [1][-]{section.3.1}{\376\377\000M\000e\000t\000h\000o\000d\000o\000l\000o\000g\000y}{chapter.3}% 17
\BOOKMARK [1][-]{section.3.2}{\376\377\000S\000t\000a\000t\000i\000s\000t\000i\000c\000a\000l\000\040\000M\000e\000c\000h\000a\000n\000i\000c\000s}{chapter.3}% 18
\BOOKMARK [1][-]{section.3.3}{\376\377\000Q\000u\000a\000n\000t\000u\000m\000\040\000M\000e\000c\000h\000a\000n\000i\000c\000s}{chapter.3}% 19
\BOOKMARK [1][-]{section.3.4}{\376\377\000Q\000u\000a\000n\000t\000u\000m\000\040\000F\000i\000e\000l\000d\000\040\000T\000h\000e\000o\000r\000y}{chapter.3}% 20
\BOOKMARK [1][-]{section.3.5}{\376\377\000G\000e\000n\000e\000r\000a\000l\000\040\000R\000e\000l\000a\000t\000i\000v\000i\000t\000y}{chapter.3}% 21
\BOOKMARK [1][-]{section.3.6}{\376\377\000Q\000u\000a\000n\000t\000u\000m\000\040\000I\000n\000f\000o\000r\000m\000a\000t\000i\000o\000n}{chapter.3}% 22
\BOOKMARK [1][-]{section.3.7}{\376\377\000P\000h\000y\000s\000i\000c\000a\000l\000\040\000U\000n\000d\000e\000c\000i\000d\000a\000b\000i\000l\000i\000t\000y}{chapter.3}% 23
\BOOKMARK [0][-]{chapter.4}{\376\377\000T\000h\000e\000\040\000T\000h\000r\000e\000e\000\040\000F\000o\000u\000n\000d\000a\000t\000i\000o\000n\000a\000l\000\040\000T\000h\000e\000o\000r\000e\000m\000s}{}% 24
\BOOKMARK [1][-]{section.4.1}{\376\377\000T\000h\000e\000o\000r\000e\000m\000\040\000I\000:\000\040\000F\000e\000k\000e\000t\000e\000'\000s\000\040\000S\000u\000b\000a\000d\000d\000i\000t\000i\000v\000e\000\040\000L\000e\000m\000m\000a\000\040\000\040\000L\000P\000O\000\040\000\050\000P\000a\000p\000e\000r\000\040\0002\0009\000\051}{chapter.4}% 25
\BOOKMARK [1][-]{section.4.2}{\376\377\000T\000h\000e\000o\000r\000e\000m\000\040\000I\000I\000:\000\040\000F\000a\000n\000\040\000T\000h\000e\000o\000r\000e\000m\000\040\000D\000i\000s\000p\000e\000n\000s\000a\000b\000i\000l\000i\000t\000y\000\040\000\050\000P\000a\000p\000e\000r\000\040\0003\0000\000\051}{chapter.4}% 26
\BOOKMARK [1][-]{section.4.3}{\376\377\000T\000h\000e\000o\000r\000e\000m\000\040\000I\000I\000I\000:\000\040\000D\000e\000p\000e\000n\000d\000e\000n\000t\000\040\000C\000h\000o\000i\000c\000e\000\040\000D\000i\000s\000p\000e\000n\000s\000a\000b\000i\000l\000i\000t\000y\000\040\000\050\000P\000a\000p\000e\000r\000\040\0003\0001\000\051}{chapter.4}% 27
\BOOKMARK [1][-]{section.4.4}{\376\377\000T\000h\000e\000\040\000C\000o\000m\000b\000i\000n\000e\000d\000\040\000R\000e\000s\000u\000l\000t}{chapter.4}% 28
\BOOKMARK [0][-]{chapter.5}{\376\377\000T\000h\000e\000\040\000S\000t\000a\000n\000d\000a\000r\000d\000\040\000M\000o\000d\000e\000l\000\040\000a\000t\000\040\000B\000I\000S\000H\000+\000L\000P\000O}{}% 29
\BOOKMARK [1][-]{section.5.1}{\376\377\000E\000l\000e\000c\000t\000r\000o\000w\000e\000a\000k\000\040\000T\000h\000e\000o\000r\000y\000\040\000\050\000P\000a\000p\000e\000r\000\040\0001\0008\000\051}{chapter.5}% 30
\BOOKMARK [1][-]{section.5.2}{\376\377\000Q\000u\000a\000n\000t\000u\000m\000\040\000E\000l\000e\000c\000t\000r\000o\000d\000y\000n\000a\000m\000i\000c\000s\000\040\000\050\000P\000a\000p\000e\000r\000\040\0003\0002\000\051}{chapter.5}% 31
\BOOKMARK [1][-]{section.5.3}{\376\377\000Q\000u\000a\000n\000t\000u\000m\000\040\000C\000h\000r\000o\000m\000o\000d\000y\000n\000a\000m\000i\000c\000s\000\040\000\050\000P\000a\000p\000e\000r\000\040\0003\0003\000\051}{chapter.5}% 32
\BOOKMARK [1][-]{section.5.4}{\376\377\000S\000c\000a\000t\000t\000e\000r\000i\000n\000g\000\040\000A\000m\000p\000l\000i\000t\000u\000d\000e\000s\000\040\000\050\000P\000a\000p\000e\000r\000\040\0003\0004\000\051}{chapter.5}% 33
\BOOKMARK [1][-]{section.5.5}{\376\377\000S\000u\000m\000m\000a\000r\000y}{chapter.5}% 34
\BOOKMARK [0][-]{chapter.6}{\376\377\000T\000h\000e\000\040\000M\000e\000t\000a\000t\000h\000e\000o\000r\000e\000m}{}% 35
\BOOKMARK [1][-]{section.6.1}{\376\377\000W\000h\000y\000\040\000t\000h\000e\000\040\000P\000a\000t\000t\000e\000r\000n\000\040\000H\000o\000l\000d\000s}{chapter.6}% 36
\BOOKMARK [1][-]{section.6.2}{\376\377\000T\000h\000e\000o\000r\000e\000m\000\040\000A\000:\000\040\000B\000I\000S\000H\000\040\000C\000o\000n\000s\000e\000r\000v\000a\000t\000i\000o\000n}{chapter.6}% 37
\BOOKMARK [1][-]{section.6.3}{\376\377\000T\000h\000e\000o\000r\000e\000m\000\040\000B\000:\000\040\000T\000h\000e\000\040\000L\000P\000O\000\040\000B\000o\000u\000n\000d\000a\000r\000y}{chapter.6}% 38
\BOOKMARK [1][-]{section.6.4}{\376\377\000T\000h\000e\000o\000r\000e\000m\000\040\000C\000:\000\040\000E\000x\000h\000a\000u\000s\000t\000i\000v\000e\000n\000e\000s\000s}{chapter.6}% 39
\BOOKMARK [1][-]{section.6.5}{\376\377\000T\000h\000e\000o\000r\000e\000m\000\040\000D\000:\000\040\000T\000h\000r\000e\000e\000\040\000M\000e\000c\000h\000a\000n\000i\000s\000m\000s}{chapter.6}% 40
\BOOKMARK [1][-]{section.6.6}{\376\377\000T\000h\000e\000\040\000F\000i\000v\000e\000\040\000S\000t\000e\000p\000s\000\040\000o\000f\000\040\000a\000\040\000P\000h\000y\000s\000i\000c\000i\000s\000t}{chapter.6}% 41
\BOOKMARK [0][-]{chapter.7}{\376\377\000T\000h\000e\000\040\000B\000o\000u\000n\000d\000a\000r\000y\000\040\040\024\000\040\000W\000h\000a\000t\000\040\000P\000h\000y\000s\000i\000c\000s\000\040\000C\000a\000n\000n\000o\000t\000\040\000D\000o}{}% 42
\BOOKMARK [1][-]{section.7.1}{\376\377\000T\000h\000e\000\040\000A\000r\000i\000t\000h\000m\000e\000t\000i\000c\000\040\000H\000i\000e\000r\000a\000r\000c\000h\000y}{chapter.7}% 43
\BOOKMARK [1][-]{section.7.2}{\376\377\000E\000x\000c\000l\000u\000s\000i\000o\000n\000\040\0001\000:\000\040\000G\000e\000n\000e\000r\000a\000l\000\040\000C\000o\000n\000v\000e\000r\000g\000e\000n\000c\000e\000\040\000T\000e\000s\000t\000i\000n\000g}{chapter.7}% 44
\BOOKMARK [1][-]{section.7.3}{\376\377\000E\000x\000c\000l\000u\000s\000i\000o\000n\000\040\0002\000:\000\040\000N\000o\000n\000-\0000\0002\000\040\000R\000e\000a\000l\000\040\000N\000u\000m\000b\000e\000r\000s}{chapter.7}% 45
\BOOKMARK [1][-]{section.7.4}{\376\377\000E\000x\000c\000l\000u\000s\000i\000o\000n\000\040\0003\000:\000\040\000T\000r\000e\000e\000-\000S\000e\000a\000r\000c\000h\000\040\000P\000r\000i\000n\000c\000i\000p\000l\000e\000s}{chapter.7}% 46
\BOOKMARK [1][-]{section.7.5}{\376\377\000E\000x\000c\000l\000u\000s\000i\000o\000n\000\040\0004\000:\000\040\000S\000e\000t\000-\000T\000h\000e\000o\000r\000e\000t\000i\000c\000\040\000C\000o\000m\000b\000i\000n\000a\000t\000o\000r\000i\000c\000s}{chapter.7}% 47
\BOOKMARK [1][-]{section.7.6}{\376\377\000E\000x\000c\000l\000u\000s\000i\000o\000n\000\040\0005\000:\000\040\000F\000u\000l\000l\000\040\000C\000l\000a\000s\000s\000i\000c\000a\000l\000\040\000L\000o\000g\000i\000c}{chapter.7}% 48
\BOOKMARK [1][-]{section.7.7}{\376\377\000F\000a\000l\000s\000i\000f\000i\000a\000b\000i\000l\000i\000t\000y}{chapter.7}% 49
\BOOKMARK [0][-]{chapter.8}{\376\377\000T\000h\000e\000\040\000G\000e\000n\000e\000a\000l\000o\000g\000y\000\040\000o\000f\000\040\000P\000h\000y\000s\000i\000c\000a\000l\000\040\000U\000n\000d\000e\000c\000i\000d\000a\000b\000i\000l\000i\000t\000y}{}% 50
\BOOKMARK [1][-]{section.8.1}{\376\377\000O\000v\000e\000r\000v\000i\000e\000w}{chapter.8}% 51
\BOOKMARK [1][-]{section.8.2}{\376\377\000C\000u\000b\000i\000t\000t\000'\000s\000\040\000T\000h\000e\000o\000r\000e\000m\000\040\000I\000s\000\040\000L\000P\000O\000\040\000\050\000P\000a\000p\000e\000r\000\040\0003\0006\000\051}{chapter.8}% 52
\BOOKMARK [1][-]{section.8.3}{\376\377\000T\000h\000e\000\040\000U\000n\000d\000e\000c\000i\000d\000a\000b\000i\000l\000i\000t\000y\000\040\000L\000a\000n\000d\000s\000c\000a\000p\000e\000\040\000\050\000P\000a\000p\000e\000r\000\040\0003\0007\000\051}{chapter.8}% 53
\BOOKMARK [1][-]{section.8.4}{\376\377\000W\000a\000n\000g\000\040\000T\000i\000l\000i\000n\000g\000\040\040\024\000\040\000T\000h\000e\000\040\000G\000r\000a\000n\000d\000f\000a\000t\000h\000e\000r\000\040\000\050\000P\000a\000p\000e\000r\000\040\0003\0008\000\051}{chapter.8}% 54
\BOOKMARK [1][-]{section.8.5}{\376\377\000W\000h\000a\000t\000\040\000U\000n\000d\000e\000c\000i\000d\000a\000b\000i\000l\000i\000t\000y\000\040\000A\000c\000t\000u\000a\000l\000l\000y\000\040\000I\000s}{chapter.8}% 55
\BOOKMARK [0][-]{chapter.9}{\376\377\000B\000e\000y\000o\000n\000d\000\040\000L\000P\000O\000\040\040\024\000\040\000T\000h\000e\000\040\000T\000h\000e\000r\000m\000o\000d\000y\000n\000a\000m\000i\000c\000\040\000S\000t\000r\000a\000t\000i\000f\000i\000c\000a\000t\000i\000o\000n}{}% 56
\BOOKMARK [1][-]{section.9.1}{\376\377\000T\000h\000e\000\040\000P\000r\000o\000m\000i\000s\000e\000\040\000G\000a\000p\000\040\000a\000s\000\040\000L\000o\000g\000i\000c\000\040\000M\000e\000c\000h\000a\000n\000i\000s\000m}{chapter.9}% 57
\BOOKMARK [1][-]{section.9.2}{\376\377\000T\000h\000e\000\040\000M\000o\000d\000i\000f\000i\000e\000d\000\040\000E\000n\000c\000o\000d\000i\000n\000g}{chapter.9}% 58
\BOOKMARK [1][-]{section.9.3}{\376\377\000T\000h\000e\000\040\000S\000t\000r\000a\000t\000i\000f\000i\000c\000a\000t\000i\000o\000n\000\040\000T\000h\000e\000o\000r\000e\000m}{chapter.9}% 59
\BOOKMARK [1][-]{section.9.4}{\376\377\000T\000h\000e\000\040\000R\000e\000f\000i\000n\000e\000d\000\040\000T\000h\000e\000s\000i\000s}{chapter.9}% 60
\BOOKMARK [0][-]{chapter.10}{\376\377\000C\000o\000n\000s\000e\000q\000u\000e\000n\000c\000e\000s}{}% 61
\BOOKMARK [1][-]{section.10.1}{\376\377\000F\000o\000r\000\040\000Q\000u\000a\000n\000t\000u\000m\000\040\000G\000r\000a\000v\000i\000t\000y}{chapter.10}% 62
\BOOKMARK [1][-]{section.10.2}{\376\377\000F\000o\000r\000\040\000t\000h\000e\000\040\000M\000e\000a\000s\000u\000r\000e\000m\000e\000n\000t\000\040\000P\000r\000o\000b\000l\000e\000m}{chapter.10}% 63
\BOOKMARK [1][-]{section.10.3}{\376\377\000F\000o\000r\000\040\000t\000h\000e\000\040\000C\000o\000s\000m\000o\000l\000o\000g\000i\000c\000a\000l\000\040\000C\000o\000n\000s\000t\000a\000n\000t}{chapter.10}% 64
\BOOKMARK [1][-]{section.10.4}{\376\377\000F\000o\000r\000\040\000P\000h\000y\000s\000i\000c\000a\000l\000\040\000C\000o\000n\000s\000t\000a\000n\000t\000s}{chapter.10}% 65
\BOOKMARK [1][-]{section.10.5}{\376\377\000F\000o\000r\000\040\000P\000h\000y\000s\000i\000c\000a\000l\000\040\000U\000n\000d\000e\000c\000i\000d\000a\000b\000i\000l\000i\000t\000y}{chapter.10}% 66
\BOOKMARK [0][-]{chapter.11}{\376\377\000T\000h\000e\000\040\000D\000i\000a\000g\000n\000o\000s\000t\000i\000c\000\040\000i\000n\000\040\000A\000c\000t\000i\000o\000n\000\040\000I\000\040\040\024\000\040\000A\000d\000S\000/\000C\000F\000T\000\040\000C\000o\000r\000r\000e\000s\000p\000o\000n\000d\000e\000n\000c\000e}{}% 67
\BOOKMARK [1][-]{section.11.1}{\376\377\000F\000r\000o\000m\000\040\000C\000l\000a\000s\000s\000i\000f\000i\000c\000a\000t\000i\000o\000n\000\040\000t\000o\000\040\000D\000i\000a\000g\000n\000o\000s\000i\000s}{chapter.11}% 68
\BOOKMARK [1][-]{section.11.2}{\376\377\000O\000b\000s\000e\000r\000v\000a\000b\000l\000e\000s\000\040\000v\000s\000.\000\040\000D\000e\000c\000i\000s\000i\000o\000n\000s}{chapter.11}% 69
\BOOKMARK [1][-]{section.11.3}{\376\377\000V\000a\000c\000u\000u\000m\000\040\000A\000d\000S\0003\000:\000\040\000T\000h\000e\000\040\000N\000u\000l\000l\000\040\000R\000e\000s\000u\000l\000t}{chapter.11}% 70
\BOOKMARK [1][-]{section.11.4}{\376\377\000T\000h\000e\000r\000m\000a\000l\000\040\000B\000T\000Z\000:\000\040\000T\000h\000e\000\040\000P\000h\000a\000s\000e\000\040\000T\000r\000a\000n\000s\000i\000t\000i\000o\000n}{chapter.11}% 71
\BOOKMARK [1][-]{section.11.5}{\376\377\000F\000L\000M\000\040\000Q\000u\000a\000n\000t\000u\000m\000\040\000C\000o\000r\000r\000e\000c\000t\000i\000o\000n}{chapter.11}% 72
\BOOKMARK [1][-]{section.11.6}{\376\377\000Q\000u\000a\000n\000t\000u\000m\000\040\000E\000x\000t\000r\000e\000m\000a\000l\000\040\000S\000u\000r\000f\000a\000c\000e}{chapter.11}% 73
\BOOKMARK [1][-]{section.11.7}{\376\377\000C\000o\000m\000p\000l\000e\000t\000e\000\040\000C\000a\000l\000i\000b\000r\000a\000t\000i\000o\000n\000\040\000T\000a\000b\000l\000e}{chapter.11}% 74
\BOOKMARK [1][-]{section.11.8}{\376\377\000W\000h\000a\000t\000\040\000t\000h\000e\000\040\000D\000i\000a\000g\000n\000o\000s\000t\000i\000c\000\040\000R\000e\000v\000e\000a\000l\000s}{chapter.11}% 75
\BOOKMARK [0][-]{chapter.12}{\376\377\000T\000h\000e\000\040\000D\000i\000a\000g\000n\000o\000s\000t\000i\000c\000\040\000i\000n\000\040\000A\000c\000t\000i\000o\000n\000\040\000I\000I\000\040\040\024\000\040\000C\000o\000s\000m\000o\000l\000o\000g\000i\000c\000a\000l\000\040\000C\000o\000n\000s\000t\000a\000n\000t}{}% 76
\BOOKMARK [1][-]{section.12.1}{\376\377\000T\000h\000e\000\040\000A\000l\000l\000e\000g\000e\000d\000\040\0001\0000\0001\0002\0000\000\040\000D\000i\000s\000c\000r\000e\000p\000a\000n\000c\000y}{chapter.12}% 77
\BOOKMARK [1][-]{section.12.2}{\376\377\000T\000h\000e\000\040\000M\000o\000d\000e\000\040\000S\000u\000m\000\040\000a\000n\000d\000\040\000I\000t\000s\000\040\000R\000e\000g\000u\000l\000a\000t\000o\000r\000s}{chapter.12}% 78
\BOOKMARK [1][-]{section.12.3}{\376\377\000G\000r\000a\000v\000i\000t\000y\000\040\000a\000n\000d\000\040\000t\000h\000e\000\040\000H\000o\000l\000l\000a\000n\000d\000s\040\023\000W\000a\000l\000d\000\040\000A\000m\000b\000i\000g\000u\000i\000t\000y}{chapter.12}% 79
\BOOKMARK [1][-]{section.12.4}{\376\377\000N\000a\000t\000u\000r\000a\000l\000n\000e\000s\000s\000\040\000a\000s\000\040\000N\000o\000n\000-\000M\000a\000t\000h\000e\000m\000a\000t\000i\000c\000a\000l\000\040\000C\000l\000a\000i\000m}{chapter.12}% 80
\BOOKMARK [1][-]{section.12.5}{\376\377\000T\000h\000e\000\040\000G\000e\000n\000u\000i\000n\000e\000\040\000C\000o\000n\000s\000t\000r\000a\000i\000n\000t\000:\000\040\0005\0005\000-\000D\000i\000g\000i\000t\000\040\000F\000i\000n\000e\000-\000T\000u\000n\000i\000n\000g}{chapter.12}% 81
\BOOKMARK [1][-]{section.12.6}{\376\377\000T\000h\000e\000\040\000C\000a\000s\000i\000m\000i\000r\000\040\000E\000f\000f\000e\000c\000t\000:\000\040\000W\000h\000a\000t\000\040\000Q\000F\000T\000\040\000A\000c\000t\000u\000a\000l\000l\000y\000\040\000P\000r\000e\000d\000i\000c\000t\000s}{chapter.12}% 82
\BOOKMARK [1][-]{section.12.7}{\376\377\000T\000h\000e\000\040\000R\000G\000\040\000R\000u\000n\000n\000i\000n\000g\000\040\000o\000f\000\040}{chapter.12}% 83
\BOOKMARK [1][-]{section.12.8}{\376\377\000S\000u\000m\000m\000a\000r\000y}{chapter.12}% 84
\BOOKMARK [0][-]{chapter.13}{\376\377\000T\000h\000e\000\040\000F\000o\000r\000m\000a\000l\000i\000z\000a\000t\000i\000o\000n}{}% 85
\BOOKMARK [1][-]{section.13.1}{\376\377\000W\000h\000y\000\040\000F\000o\000r\000m\000a\000l\000\040\000V\000e\000r\000i\000f\000i\000c\000a\000t\000i\000o\000n}{chapter.13}% 86
\BOOKMARK [1][-]{section.13.2}{\376\377\000T\000h\000e\000\040\000P\000r\000o\000d\000u\000c\000e\000r\000/\000C\000o\000n\000s\000u\000m\000e\000r\000\040\000A\000r\000c\000h\000i\000t\000e\000c\000t\000u\000r\000e}{chapter.13}% 87
\BOOKMARK [1][-]{section.13.3}{\376\377\000C\000e\000r\000t\000i\000f\000i\000c\000a\000t\000i\000o\000n\000\040\000L\000e\000v\000e\000l\000s}{chapter.13}% 88
\BOOKMARK [1][-]{section.13.4}{\376\377\000T\000h\000e\000\040\000C\000o\000d\000e\000b\000a\000s\000e}{chapter.13}% 89
\BOOKMARK [0][-]{chapter.14}{\376\377\000W\000h\000a\000t\000\040\000T\000h\000i\000s\000\040\000P\000r\000o\000g\000r\000a\000m\000\040\000D\000o\000e\000s\000\040\000N\000o\000t\000\040\000D\000o}{}% 90
\BOOKMARK [1][-]{section.14.1}{\376\377\000E\000p\000i\000s\000t\000e\000m\000o\000l\000o\000g\000y\000\040\000v\000s\000.\000\040\000O\000n\000t\000o\000l\000o\000g\000y}{chapter.14}% 91
\BOOKMARK [1][-]{section.14.2}{\376\377\000C\000o\000m\000p\000l\000e\000t\000e\000n\000e\000s\000s}{chapter.14}% 92
\BOOKMARK [1][-]{section.14.3}{\376\377\000P\000h\000y\000s\000i\000c\000a\000l\000\040\000C\000o\000r\000r\000e\000c\000t\000n\000e\000s\000s}{chapter.14}% 93
\BOOKMARK [1][-]{section.14.4}{\376\377\000P\000r\000o\000b\000l\000e\000m\000\040\000R\000e\000s\000o\000l\000u\000t\000i\000o\000n}{chapter.14}% 94
\BOOKMARK [0][-]{chapter.15}{\376\377\000C\000o\000n\000c\000l\000u\000s\000i\000o\000n}{}% 95
\BOOKMARK [1][-]{section.15.1}{\376\377\000S\000u\000m\000m\000a\000r\000y}{chapter.15}% 96
\BOOKMARK [1][-]{section.15.2}{\376\377\000F\000u\000t\000u\000r\000e\000\040\000D\000i\000r\000e\000c\000t\000i\000o\000n\000s}{chapter.15}% 97
\BOOKMARK [1][-]{section.15.3}{\376\377\000B\000i\000s\000h\000o\000p\000'\000s\000\040\000L\000e\000g\000a\000c\000y}{chapter.15}% 98
\BOOKMARK [0][-]{appendix.A}{\376\377\000C\000o\000m\000p\000l\000e\000t\000e\000\040\000C\000a\000l\000i\000b\000r\000a\000t\000i\000o\000n\000\040\000T\000a\000b\000l\000e}{}% 99
\BOOKMARK [0][-]{appendix.B}{\376\377\000L\000e\000a\000n\000\040\000C\000o\000d\000e\000\040\000A\000v\000a\000i\000l\000a\000b\000i\000l\000i\000t\000y}{}% 100
\BOOKMARK [0][-]{appendix.C}{\376\377\000P\000r\000o\000g\000r\000a\000m\000\040\000S\000i\000g\000n\000i\000f\000i\000c\000a\000n\000c\000e\000\040\000G\000u\000i\000d\000e}{}% 101
\BOOKMARK [1][-]{section.C.1}{\376\377\000O\000n\000\040\000t\000h\000e\000\040\000N\000e\000c\000e\000s\000s\000i\000t\000y\000\040\000o\000f\000\040\000C\000o\000m\000p\000l\000e\000t\000e\000n\000e\000s\000s}{appendix.C}% 102
\BOOKMARK [1][-]{section.C.2}{\376\377\000P\000r\000i\000n\000c\000i\000p\000a\000l\000\040\000F\000i\000n\000d\000i\000n\000g\000s}{appendix.C}% 103
\BOOKMARK [1][-]{section.C.3}{\376\377\000P\000a\000p\000e\000r\000-\000b\000y\000-\000P\000a\000p\000e\000r\000\040\000C\000a\000t\000a\000l\000o\000g\000u\000e}{appendix.C}% 104
\BOOKMARK [2][-]{subsection.C.3.1}{\376\377\000P\000r\000o\000g\000r\000a\000m\000-\000D\000e\000f\000i\000n\000i\000n\000g\000\040\000R\000e\000s\000u\000l\000t\000s\000\040\000\050\000\051}{section.C.3}% 105
\BOOKMARK [2][-]{subsection.C.3.2}{\376\377\000S\000u\000m\000m\000a\000r\000y\000\040\000a\000n\000d\000\040\000S\000y\000n\000t\000h\000e\000s\000i\000s\000\040\000P\000a\000p\000e\000r\000s\000\040\000\050\000\051}{section.C.3}% 106
\BOOKMARK [2][-]{subsection.C.3.3}{\376\377\000M\000a\000j\000o\000r\000\040\000S\000t\000r\000u\000c\000t\000u\000r\000a\000l\000\040\000C\000o\000n\000t\000r\000i\000b\000u\000t\000i\000o\000n\000s\000\040\000\050\000\051}{section.C.3}% 107
\BOOKMARK [2][-]{subsection.C.3.4}{\376\377\000S\000i\000g\000n\000i\000f\000i\000c\000a\000n\000t\000\040\000D\000o\000m\000a\000i\000n\000\040\000E\000x\000t\000e\000n\000s\000i\000o\000n\000s\000\040\000\050\000\051}{section.C.3}% 108
\BOOKMARK [2][-]{subsection.C.3.5}{\376\377\000I\000m\000p\000o\000r\000t\000a\000n\000t\000\040\000S\000u\000p\000p\000o\000r\000t\000i\000n\000g\000\040\000C\000a\000l\000i\000b\000r\000a\000t\000i\000o\000n\000s\000\040\000\050\000\051}{section.C.3}% 109
\BOOKMARK [2][-]{subsection.C.3.6}{\376\377\000C\000o\000n\000f\000i\000r\000m\000a\000t\000o\000r\000y\000\040\000a\000n\000d\000\040\000T\000e\000c\000h\000n\000i\000c\000a\000l\000\040\000\050\000\051}{section.C.3}% 110
\BOOKMARK [2][-]{subsection.C.3.7}{\376\377\000W\000i\000t\000h\000d\000r\000a\000w\000n}{section.C.3}% 111
\BOOKMARK [0][-]{appendix.D}{\376\377\000T\000e\000r\000m\000i\000n\000o\000l\000o\000g\000y\000\040\000C\000o\000n\000c\000o\000r\000d\000a\000n\000c\000e}{}% 112
\BOOKMARK [1][-]{section.D.1}{\376\377\000C\000o\000r\000e\000\040\000T\000e\000r\000m\000i\000n\000o\000l\000o\000g\000y}{appendix.D}% 113
\BOOKMARK [1][-]{section.D.2}{\376\377\000C\000o\000n\000s\000t\000r\000u\000c\000t\000i\000v\000e\000\040\000A\000n\000a\000l\000y\000s\000i\000s\000\040\000T\000e\000r\000m\000i\000n\000o\000l\000o\000g\000y}{appendix.D}% 114
\BOOKMARK [1][-]{section.D.3}{\376\377\000F\000o\000r\000m\000a\000l\000i\000s\000a\000t\000i\000o\000n\000\040\000T\000e\000r\000m\000i\000n\000o\000l\000o\000g\000y}{appendix.D}% 115
\BOOKMARK [1][-]{section.D.4}{\376\377\000T\000e\000r\000m\000s\000\040\000w\000i\000t\000h\000\040\000N\000o\000\040\000N\000o\000n\000-\000S\000t\000a\000n\000d\000a\000r\000d\000\040\000U\000s\000a\000g\000e}{appendix.D}% 116
\BOOKMARK [0][-]{appendix*.85}{\376\377\000A\000c\000k\000n\000o\000w\000l\000e\000d\000g\000m\000e\000n\000t\000s}{}% 117
\BOOKMARK [0][-]{appendix*.86}{\376\377\000A\000u\000t\000h\000o\000r\000\040\000N\000o\000t\000e}{}% 118
