\BOOKMARK [1][-]{section.1}{\376\377\000A\000x\000C\000a\000l\000\040\000i\000n\000s\000t\000r\000u\000m\000e\000n\000t\000a\000t\000i\000o\000n\000\040\000f\000o\000r\000\040\000G\000R}{}% 1
\BOOKMARK [2][-]{subsection.1.1}{\376\377\000P\000i\000n\000n\000e\000d\000\040\000s\000i\000g\000n\000a\000t\000u\000r\000e\000\040\000S\000i\000g\000m\000a\0000\000-\000G\000R}{section.1}% 2
\BOOKMARK [2][-]{subsection.1.2}{\376\377\000T\000o\000k\000e\000n\000s\000\040\000a\000n\000d\000\040\000w\000i\000t\000n\000e\000s\000s\000\040\000f\000a\000m\000i\000l\000i\000e\000s}{section.1}% 3
\BOOKMARK [2][-]{subsection.1.3}{\376\377\000P\000r\000o\000o\000f\000-\000r\000o\000u\000t\000e\000\040\000f\000l\000a\000g\000s\000\040\000a\000n\000d\000\040\000p\000o\000r\000t\000a\000l\000s}{section.1}% 4
\BOOKMARK [2][-]{subsection.1.4}{\376\377\000H\000e\000i\000g\000h\000t\000\040\000c\000e\000r\000t\000i\000f\000i\000c\000a\000t\000e\000s\000\040\000a\000n\000d\000\040\000c\000o\000m\000p\000o\000s\000i\000t\000i\000o\000n}{section.1}% 5
\BOOKMARK [1][-]{section.2}{\376\377\000L\000i\000t\000e\000r\000a\000t\000u\000r\000e\000\040\000a\000n\000c\000h\000o\000r\000s\000\040\000m\000a\000p\000p\000e\000d\000\040\000t\000o\000\040\000p\000o\000r\000t\000a\000l\000s}{}% 6
\BOOKMARK [1][-]{section.3}{\376\377\000C\000a\000l\000i\000b\000r\000a\000t\000i\000o\000n\000\040\000t\000a\000r\000g\000e\000t\000s\000\040\000\050\000G\0001\040\023\000G\0005\000\051\000\040\000w\000i\000t\000h\000\040\000A\000x\000C\000a\000l\000\040\000p\000r\000o\000f\000i\000l\000e\000s}{}% 7
\BOOKMARK [1][-]{section.4}{\376\377\000A\000u\000x\000i\000l\000i\000a\000r\000y\000\040\000l\000e\000m\000m\000a\000s\000\040\000\050\000E\000P\000S\000;\000\040\000l\000i\000m\000i\000t\000-\000c\000u\000r\000v\000e\000\051\000\040\000w\000i\000t\000h\000\040\000s\000k\000e\000t\000c\000h\000e\000s}{}% 8
\BOOKMARK [1][-]{section.5}{\376\377\000H\000y\000b\000r\000i\000d\000\040\000p\000l\000a\000n\000:\000\040\000s\000t\000r\000u\000c\000t\000u\000r\000e\000d\000\040\000f\000r\000a\000m\000e\000w\000o\000r\000k\000\040\000+\000\040\000s\000e\000l\000e\000c\000t\000i\000v\000e\000\040\000d\000e\000e\000p\000\040\000d\000i\000v\000e\000s}{}% 9
\BOOKMARK [1][-]{section.6}{\376\377\000C\000a\000l\000i\000b\000r\000a\000t\000i\000o\000n\000\040\000t\000a\000b\000l\000e\000\040\000\050\000p\000r\000o\000f\000i\000l\000e\000s\000\040\000a\000t\000\040\000a\000\040\000g\000l\000a\000n\000c\000e\000\051}{}% 10
\BOOKMARK [1][-]{section.7}{\376\377\000A\000r\000t\000i\000f\000a\000c\000t\000\040\000M\000a\000p\000p\000i\000n\000g\000:\000\040\000P\000a\000p\000e\000r\000\040\000C\000l\000a\000i\000m\000s\000\040\000t\000o\000\040\000L\000e\000a\000n\000\040\000I\000m\000p\000l\000e\000m\000e\000n\000t\000a\000t\000i\000o\000n}{}% 11
\BOOKMARK [2][-]{subsection.7.1}{\376\377\000C\000o\000r\000e\000\040\000A\000x\000C\000a\000l\000\040\000I\000n\000f\000r\000a\000s\000t\000r\000u\000c\000t\000u\000r\000e}{section.7}% 12
\BOOKMARK [2][-]{subsection.7.2}{\376\377\000G\000R\000-\000S\000p\000e\000c\000i\000f\000i\000c\000\040\000C\000o\000m\000p\000o\000n\000e\000n\000t\000s}{section.7}% 13
\BOOKMARK [2][-]{subsection.7.3}{\376\377\000C\000a\000l\000i\000b\000r\000a\000t\000i\000o\000n\000\040\000T\000a\000r\000g\000e\000t\000s\000\040\000\050\000G\0001\040\023\000G\0005\000\051}{section.7}% 14
\BOOKMARK [2][-]{subsection.7.4}{\376\377\000D\000e\000e\000p\000-\000D\000i\000v\000e\000\040\000D\000e\000l\000i\000v\000e\000r\000a\000b\000l\000e\000s\000\040\000\050\000H\000e\000i\000g\000h\000t\000\040\0000\000\040\000A\000n\000c\000h\000o\000r\000s\000\051}{section.7}% 15
\BOOKMARK [2][-]{subsection.7.5}{\376\377\000P\000o\000r\000t\000a\000l\000\040\000T\000h\000e\000o\000r\000e\000m\000s}{section.7}% 16
\BOOKMARK [2][-]{subsection.7.6}{\376\377\000V\000e\000r\000i\000f\000i\000c\000a\000t\000i\000o\000n\000\040\000I\000n\000f\000r\000a\000s\000t\000r\000u\000c\000t\000u\000r\000e}{section.7}% 17
\BOOKMARK [2][-]{subsection.7.7}{\376\377\000V\000e\000r\000i\000f\000i\000c\000a\000t\000i\000o\000n\000\040\000L\000e\000d\000g\000e\000r}{section.7}% 18
\BOOKMARK [1][-]{section.8}{\376\377\000C\000o\000n\000c\000l\000u\000s\000i\000o\000n}{}% 19
\BOOKMARK [1][-]{appendix.A}{\376\377\000P\000o\000r\000t\000a\000l\000s\000\040\000a\000n\000d\000\040\000P\000r\000o\000o\000f\040\023\000R\000o\000u\000t\000e\000\040\000F\000l\000a\000g\000s\000:\000\040\000S\000o\000u\000n\000d\000n\000e\000s\000s}{}% 20
\BOOKMARK [2][-]{subsection.A.1}{\376\377\000R\000o\000u\000t\000e\000\040\000f\000l\000a\000g\000s\000\040\000a\000n\000d\000\040\000t\000h\000e\000i\000r\000\040\000s\000e\000m\000a\000n\000t\000i\000c\000s}{appendix.A}% 21
\BOOKMARK [2][-]{subsection.A.2}{\376\377\000Z\000o\000r\000n\000'\000s\000\040\000l\000e\000m\000m\000a\000\040\000p\000o\000r\000t\000a\000l\000\040\000\050\000C\000h\000o\000i\000c\000e\000\040\000a\000x\000i\000s\000\051}{appendix.A}% 22
\BOOKMARK [2][-]{subsection.A.3}{\376\377\000L\000i\000m\000i\000t\040\023\000c\000u\000r\000v\000e\000\040\000p\000o\000r\000t\000a\000l\000\040\000\050\000C\000o\000m\000p\000a\000c\000t\000n\000e\000s\000s\000\040\000a\000x\000i\000s\000\051}{appendix.A}% 23
\BOOKMARK [2][-]{subsection.A.4}{\376\377\000S\000e\000r\000i\000a\000l\040\023\000c\000h\000a\000i\000n\000\040\000p\000o\000r\000t\000a\000l\000\040\000\050\000D\000e\000p\000e\000n\000d\000e\000n\000t\000\040\000C\000h\000o\000i\000c\000e\000\040\000a\000x\000i\000s\000\051}{appendix.A}% 24
\BOOKMARK [2][-]{subsection.A.5}{\376\377\000R\000e\000d\000u\000c\000t\000i\000o\000\040\000p\000o\000r\000t\000a\000l\000\040\000\050\000L\000o\000g\000i\000c\000\040\000a\000x\000i\000s\000\051}{appendix.A}% 25
\BOOKMARK [2][-]{subsection.A.6}{\376\377\000P\000o\000r\000t\000a\000l\000\040\000s\000o\000u\000n\000d\000n\000e\000s\000s\000\040\000s\000u\000m\000m\000a\000r\000y}{appendix.A}% 26
\BOOKMARK [1][-]{appendix.B}{\376\377\000A\000x\000C\000a\000l\040\023\000L\000e\000a\000n\000\040\000L\000e\000d\000g\000e\000r}{}% 27
\BOOKMARK [2][-]{subsection.B.1}{\376\377\000A\000x\000i\000s\000\040\000t\000o\000k\000e\000n\000s\000\040\000a\000n\000d\000\040\000p\000o\000r\000t\000a\000l\000\040\000a\000x\000i\000o\000m\000s}{appendix.B}% 28
\BOOKMARK [2][-]{subsection.B.2}{\376\377\000W\000i\000t\000n\000e\000s\000s\000\040\000f\000a\000m\000i\000l\000i\000e\000s\000\040\000f\000o\000r\000\040\000G\0001\040\023\000G\0005}{appendix.B}% 29
\BOOKMARK [2][-]{subsection.B.3}{\376\377\000H\000e\000i\000g\000h\000t\000\040\000c\000e\000r\000t\000i\000f\000i\000c\000a\000t\000e\000s\000\040\000\050\000p\000r\000o\000f\000i\000l\000e\000s\000\040\000a\000n\000d\000\040\000r\000o\000u\000t\000e\000s\000\051}{appendix.B}% 30
\BOOKMARK [2][-]{subsection.B.4}{\376\377\000V\000e\000r\000i\000f\000i\000c\000a\000t\000i\000o\000n\000\040\000t\000a\000b\000l\000e\000\040\000\050\000n\000a\000m\000e\000s\000\040\000/\000\040\000p\000r\000o\000f\000i\000l\000e\000s\000\040\000/\000\040\000p\000o\000r\000t\000a\000l\000s\000\051}{appendix.B}% 31
\BOOKMARK [2][-]{subsection.B.5}{\376\377\000F\000i\000l\000e\000\040\000m\000a\000p\000\040\000\050\000p\000r\000o\000p\000o\000s\000e\000d\000\040\000l\000a\000y\000o\000u\000t\000\051}{appendix.B}% 32
\BOOKMARK [2][-]{subsection.B.6}{\376\377\000L\000e\000d\000g\000e\000r\000\040\000p\000o\000l\000i\000c\000y}{appendix.B}% 33
