\BOOKMARK [0][-]{part.1}{\376\377\000I\000\040\000A\000x\000i\000o\000m\000\040\000C\000a\000l\000i\000b\000r\000a\000t\000i\000o\000n\000\040\000F\000r\000a\000m\000e\000w\000o\000r\000k}{}% 1
\BOOKMARK [1][-]{section.1}{\376\377\000I\000n\000t\000r\000o\000d\000u\000c\000t\000i\000o\000n\000\040\000a\000n\000d\000\040\000M\000o\000t\000i\000v\000a\000t\000i\000o\000n}{part.1}% 2
\BOOKMARK [2][-]{subsection.1.1}{\376\377\000W\000h\000y\000\040\000A\000x\000i\000o\000m\000\040\000C\000a\000l\000i\000b\000r\000a\000t\000i\000o\000n\000\040\000M\000a\000t\000t\000e\000r\000s\000\040\000f\000o\000r\000\040\000G\000e\000n\000e\000r\000a\000l\000\040\000R\000e\000l\000a\000t\000i\000v\000i\000t\000y}{section.1}% 3
\BOOKMARK [2][-]{subsection.1.2}{\376\377\000S\000t\000r\000u\000c\000t\000u\000r\000a\000l\000\040\000C\000e\000r\000t\000i\000f\000i\000c\000a\000t\000i\000o\000n\000\040\000v\000s\000\040\000F\000o\000u\000n\000d\000a\000t\000i\000o\000n\000a\000l\000\040\000V\000e\000r\000i\000f\000i\000c\000a\000t\000i\000o\000n}{section.1}% 4
\BOOKMARK [2][-]{subsection.1.3}{\376\377\000R\000o\000a\000d\000m\000a\000p\000\040\000f\000o\000r\000\040\000T\000h\000i\000s\000\040\000P\000a\000p\000e\000r}{section.1}% 5
\BOOKMARK [2][-]{subsection.1.4}{\376\377\000C\000o\000n\000t\000r\000i\000b\000u\000t\000i\000o\000n\000s}{section.1}% 6
\BOOKMARK [1][-]{section.2}{\376\377\000P\000o\000r\000t\000a\000l\000\040\000T\000h\000e\000o\000r\000y\000\040\000a\000n\000d\000\040\000P\000r\000o\000o\000f\000-\000R\000o\000u\000t\000e\000\040\000F\000l\000a\000g\000s}{part.1}% 7
\BOOKMARK [2][-]{subsection.2.1}{\376\377\000T\000h\000e\000\040\000F\000o\000u\000r\000\040\000P\000o\000r\000t\000a\000l\000s}{section.2}% 8
\BOOKMARK [3][-]{subsubsection.2.1.1}{\376\377\000Z\000o\000r\000n\000\040\000P\000o\000r\000t\000a\000l\000\040\000\050\000C\000h\000o\000i\000c\000e\000\040\000A\000x\000i\000s\000\051}{subsection.2.1}% 9
\BOOKMARK [3][-]{subsubsection.2.1.2}{\376\377\000L\000i\000m\000i\000t\000-\000C\000u\000r\000v\000e\000\040\000P\000o\000r\000t\000a\000l\000\040\000\050\000C\000o\000m\000p\000a\000c\000t\000n\000e\000s\000s\000\040\000A\000x\000i\000s\000\051}{subsection.2.1}% 10
\BOOKMARK [3][-]{subsubsection.2.1.3}{\376\377\000S\000e\000r\000i\000a\000l\000-\000C\000h\000a\000i\000n\000\040\000P\000o\000r\000t\000a\000l\000\040\000\050\000C\000h\000o\000i\000c\000e\000\040\000A\000x\000i\000s\000\040\000v\000i\000a\000\040\000D\000C\000\051}{subsection.2.1}% 11
\BOOKMARK [3][-]{subsubsection.2.1.4}{\376\377\000R\000e\000d\000u\000c\000t\000i\000o\000\040\000P\000o\000r\000t\000a\000l\000\040\000\050\000L\000o\000g\000i\000c\000\040\000A\000x\000i\000s\000\051}{subsection.2.1}% 12
\BOOKMARK [2][-]{subsection.2.2}{\376\377\000P\000o\000r\000t\000a\000l\000\040\000S\000o\000u\000n\000d\000n\000e\000s\000s}{section.2}% 13
\BOOKMARK [2][-]{subsection.2.3}{\376\377\000P\000r\000o\000o\000f\000-\000R\000o\000u\000t\000e\000\040\000F\000l\000a\000g\000s\000\040\000i\000n\000\040\000P\000r\000a\000c\000t\000i\000c\000e}{section.2}% 14
\BOOKMARK [2][-]{subsection.2.4}{\376\377\000R\000o\000u\000t\000e\000\040\000S\000e\000n\000s\000i\000t\000i\000v\000i\000t\000y\000:\000\040\000S\000a\000m\000e\000\040\000T\000h\000e\000o\000r\000e\000m\000,\000\040\000D\000i\000f\000f\000e\000r\000e\000n\000t\000\040\000H\000e\000i\000g\000h\000t\000s}{section.2}% 15
\BOOKMARK [1][-]{section.3}{\376\377\000A\000x\000i\000s\000P\000r\000o\000f\000i\000l\000e\000\040\000a\000n\000d\000\040\000H\000e\000i\000g\000h\000t\000\040\000C\000e\000r\000t\000i\000f\000i\000c\000a\000t\000e\000s}{part.1}% 16
\BOOKMARK [2][-]{subsection.3.1}{\376\377\000T\000h\000e\000\040\000T\000h\000r\000e\000e\000\040\000A\000x\000e\000s}{section.3}% 17
\BOOKMARK [3][-]{subsubsection.3.1.1}{\376\377\000C\000h\000o\000i\000c\000e\000\040\000A\000x\000i\000s\000:\000\040\000h\000C\000h\000o\000i\000c\000e}{subsection.3.1}% 18
\BOOKMARK [3][-]{subsubsection.3.1.2}{\376\377\000C\000o\000m\000p\000a\000c\000t\000n\000e\000s\000s\000\040\000A\000x\000i\000s\000:\000\040\000h\000C\000o\000m\000p}{subsection.3.1}% 19
\BOOKMARK [3][-]{subsubsection.3.1.3}{\376\377\000L\000o\000g\000i\000c\000\040\000A\000x\000i\000s\000:\000\040\000h\000L\000o\000g\000i\000c}{subsection.3.1}% 20
\BOOKMARK [2][-]{subsection.3.2}{\376\377\000H\000e\000i\000g\000h\000t\000\040\000C\000e\000r\000t\000i\000f\000i\000c\000a\000t\000e\000\040\000S\000t\000r\000u\000c\000t\000u\000r\000e}{section.3}% 21
\BOOKMARK [2][-]{subsection.3.3}{\376\377\000C\000e\000r\000t\000i\000f\000i\000c\000a\000t\000e\000\040\000C\000o\000m\000p\000o\000s\000i\000t\000i\000o\000n}{section.3}% 22
\BOOKMARK [2][-]{subsection.3.4}{\376\377\000P\000r\000o\000f\000i\000l\000e\000\040\000R\000e\000f\000i\000n\000e\000m\000e\000n\000t}{section.3}% 23
\BOOKMARK [2][-]{subsection.3.5}{\376\377\000M\000a\000t\000h\000e\000m\000a\000t\000i\000c\000a\000l\000\040\000H\000e\000i\000g\000h\000t\000\040\000v\000s\000\040\000I\000n\000f\000r\000a\000s\000t\000r\000u\000c\000t\000u\000r\000a\000l\000\040\000C\000o\000s\000t}{section.3}% 24
\BOOKMARK [1][-]{section.4}{\376\377\000P\000i\000n\000n\000e\000d\000\040\000S\000i\000g\000n\000a\000t\000u\000r\000e\000\040\0000\000G\000R}{part.1}% 25
\BOOKMARK [2][-]{subsection.4.1}{\376\377\000C\000o\000r\000e\000\040\000S\000i\000g\000n\000a\000t\000u\000r\000e\000\040\000C\000o\000m\000p\000o\000n\000e\000n\000t\000s}{section.4}% 26
\BOOKMARK [2][-]{subsection.4.2}{\376\377\000I\000n\000t\000e\000r\000p\000r\000e\000t\000a\000t\000i\000o\000n\000\040\000R\000e\000q\000u\000i\000r\000e\000m\000e\000n\000t\000s}{section.4}% 27
\BOOKMARK [2][-]{subsection.4.3}{\376\377\000W\000i\000t\000n\000e\000s\000s\000\040\000F\000a\000m\000i\000l\000y\000\040\000C\000o\000n\000s\000t\000r\000u\000c\000t\000i\000o\000n}{section.4}% 28
\BOOKMARK [2][-]{subsection.4.4}{\376\377\000I\000n\000t\000e\000r\000f\000a\000c\000e\000\040\000v\000s\000\040\000I\000m\000p\000l\000e\000m\000e\000n\000t\000a\000t\000i\000o\000n}{section.4}% 29
\BOOKMARK [1][-]{section.5}{\376\377\000W\000i\000t\000n\000e\000s\000s\000\040\000F\000a\000m\000i\000l\000i\000e\000s\000\040\000f\000o\000r\000\040\000G\0001\040\023\000G\0005}{part.1}% 30
\BOOKMARK [2][-]{subsection.5.1}{\376\377\000G\0001\000:\000\040\000E\000x\000p\000l\000i\000c\000i\000t\000\040\000V\000a\000c\000u\000u\000m\000\040\000C\000h\000e\000c\000k\000s\000\040\000\050\000H\000e\000i\000g\000h\000t\000\040\0000\000\051}{section.5}% 31
\BOOKMARK [2][-]{subsection.5.2}{\376\377\000G\0002\000:\000\040\000C\000a\000u\000c\000h\000y\000\040\000P\000r\000o\000b\000l\000e\000m\000\040\000\050\000S\000p\000l\000i\000t\000\040\000P\000r\000o\000f\000i\000l\000e\000\051}{section.5}% 32
\BOOKMARK [2][-]{subsection.5.3}{\376\377\000G\0003\000:\000\040\000S\000i\000n\000g\000u\000l\000a\000r\000i\000t\000y\000\040\000T\000h\000e\000o\000r\000e\000m\000s\000\040\000\050\000C\000o\000m\000p\000a\000c\000t\000n\000e\000s\000s\000\040\000+\000\040\000R\000e\000d\000u\000c\000t\000i\000o\000\051}{section.5}% 33
\BOOKMARK [2][-]{subsection.5.4}{\376\377\000G\0004\000:\000\040\000M\000a\000x\000i\000m\000a\000l\000\040\000E\000x\000t\000e\000n\000s\000i\000o\000n\000s\000\040\000\050\000Z\000o\000r\000n\000\051}{section.5}% 34
\BOOKMARK [2][-]{subsection.5.5}{\376\377\000G\0005\000:\000\040\000C\000o\000m\000p\000u\000t\000a\000b\000l\000e\000\040\000E\000v\000o\000l\000u\000t\000i\000o\000n\000\040\000\050\000N\000e\000g\000a\000t\000i\000v\000e\000\040\000T\000e\000m\000p\000l\000a\000t\000e\000\051}{section.5}% 35
\BOOKMARK [1][-]{section.6}{\376\377\000L\000i\000t\000e\000r\000a\000t\000u\000r\000e\000\040\000I\000n\000t\000e\000g\000r\000a\000t\000i\000o\000n}{part.1}% 36
\BOOKMARK [2][-]{subsection.6.1}{\376\377\000A\000x\000i\000o\000m\000a\000t\000i\000c\000\040\000K\000i\000n\000e\000m\000a\000t\000i\000c\000s\000:\000\040\000R\000o\000b\000b\000\040\000a\000n\000d\000\040\000R\000e\000i\000c\000h\000e\000n\000b\000a\000c\000h}{section.6}% 37
\BOOKMARK [2][-]{subsection.6.2}{\376\377\000E\000P\000S\000\040\000R\000e\000c\000o\000n\000s\000t\000r\000u\000c\000t\000i\000o\000n\000:\000\040\000L\000i\000g\000h\000t\000\040\000a\000n\000d\000\040\000F\000r\000e\000e\000\040\000F\000a\000l\000l}{section.6}% 38
\BOOKMARK [2][-]{subsection.6.3}{\376\377\000C\000o\000m\000p\000u\000t\000a\000b\000i\000l\000i\000t\000y\000:\000\040\000P\000o\000u\000r\040\023\000E\000l\040\023\000R\000i\000c\000h\000a\000r\000d\000s}{section.6}% 39
\BOOKMARK [2][-]{subsection.6.4}{\376\377\000C\000o\000n\000s\000t\000r\000u\000c\000t\000i\000v\000e\000\040\000A\000n\000a\000l\000y\000s\000i\000s\000:\000\040\000B\000i\000s\000h\000o\000p\040\023\000B\000r\000i\000d\000g\000e\000s}{section.6}% 40
\BOOKMARK [2][-]{subsection.6.5}{\376\377\000F\000o\000u\000n\000d\000a\000t\000i\000o\000n\000a\000l\000\040\000D\000e\000b\000a\000t\000e\000s\000:\000\040\000H\000e\000l\000l\000m\000a\000n\000\040\000a\000n\000d\000\040\000B\000r\000i\000d\000g\000e\000s}{section.6}% 41
\BOOKMARK [2][-]{subsection.6.6}{\376\377\000S\000t\000a\000n\000d\000a\000r\000d\000\040\000G\000R\000\040\000T\000e\000x\000t\000s\000:\000\040\000P\000o\000r\000t\000a\000l\000\040\000L\000o\000c\000a\000t\000i\000o\000n\000s}{section.6}% 42
\BOOKMARK [2][-]{subsection.6.7}{\376\377\000S\000u\000m\000m\000a\000r\000y\000\040\000T\000a\000b\000l\000e\000:\000\040\000L\000i\000t\000e\000r\000a\000t\000u\000r\000e\000\040\000a\000n\000d\000\040\000P\000o\000r\000t\000a\000l\000s}{section.6}% 43
\BOOKMARK [0][-]{part.2}{\376\377\000I\000I\000\040\000S\000c\000h\000w\000a\000r\000z\000s\000c\000h\000i\000l\000d\000/\000R\000i\000e\000m\000a\000n\000n\000\040\000M\000a\000t\000h\000e\000m\000a\000t\000i\000c\000a\000l\000\040\000F\000o\000r\000m\000a\000l\000i\000z\000a\000t\000i\000o\000n}{}% 44
\BOOKMARK [1][-]{section.7}{\376\377\000T\000h\000e\000\040\000S\000c\000h\000w\000a\000r\000z\000s\000c\000h\000i\000l\000d\000\040\000S\000o\000l\000u\000t\000i\000o\000n}{part.2}% 45
\BOOKMARK [2][-]{subsection.7.1}{\376\377\000M\000e\000t\000r\000i\000c\000\040\000D\000e\000r\000i\000v\000a\000t\000i\000o\000n\000\040\000f\000r\000o\000m\000\040\000S\000p\000h\000e\000r\000i\000c\000a\000l\000\040\000S\000y\000m\000m\000e\000t\000r\000y}{section.7}% 46
\BOOKMARK [2][-]{subsection.7.2}{\376\377\000C\000h\000r\000i\000s\000t\000o\000f\000f\000e\000l\000\040\000S\000y\000m\000b\000o\000l\000s\000:\000\040\000C\000o\000m\000p\000l\000e\000t\000e\000\040\000C\000o\000m\000p\000u\000t\000a\000t\000i\000o\000n}{section.7}% 47
\BOOKMARK [3][-]{subsubsection.7.2.1}{\376\377\000T\000i\000m\000e\000-\000R\000a\000d\000i\000a\000l\000\040\000C\000o\000m\000p\000o\000n\000e\000n\000t\000s}{subsection.7.2}% 48
\BOOKMARK [3][-]{subsubsection.7.2.2}{\376\377\000R\000a\000d\000i\000a\000l\000-\000A\000n\000g\000u\000l\000a\000r\000\040\000C\000o\000m\000p\000o\000n\000e\000n\000t\000s}{subsection.7.2}% 49
\BOOKMARK [3][-]{subsubsection.7.2.3}{\376\377\000A\000n\000g\000u\000l\000a\000r\000\040\000C\000o\000m\000p\000o\000n\000e\000n\000t\000s}{subsection.7.2}% 50
\BOOKMARK [3][-]{subsubsection.7.2.4}{\376\377\000S\000u\000m\000m\000a\000r\000y\000:\000\040\000T\000h\000e\000\040\000N\000i\000n\000e\000\040\000N\000o\000n\000-\000Z\000e\000r\000o\000\040\000C\000h\000r\000i\000s\000t\000o\000f\000f\000e\000l\000\040\000S\000y\000m\000b\000o\000l\000s}{subsection.7.2}% 51
\BOOKMARK [2][-]{subsection.7.3}{\376\377\000V\000e\000r\000i\000f\000i\000c\000a\000t\000i\000o\000n\000:\000\040\000H\000e\000i\000g\000h\000t\000\040\0000\000\040\000C\000o\000m\000p\000u\000t\000a\000t\000i\000o\000n}{section.7}% 52
\BOOKMARK [1][-]{section.8}{\376\377\000R\000i\000e\000m\000a\000n\000n\000\040\000C\000u\000r\000v\000a\000t\000u\000r\000e\000\040\000T\000e\000n\000s\000o\000r}{part.2}% 53
\BOOKMARK [2][-]{subsection.8.1}{\376\377\000G\000e\000n\000e\000r\000a\000l\000\040\000F\000o\000r\000m\000u\000l\000a}{section.8}% 54
\BOOKMARK [2][-]{subsection.8.2}{\376\377\000C\000o\000m\000p\000o\000n\000e\000n\000t\000\040\000C\000a\000l\000c\000u\000l\000a\000t\000i\000o\000n\000s}{section.8}% 55
\BOOKMARK [3][-]{subsubsection.8.2.1}{\376\377\000R\000t\000r\000t\000r\000\040\000C\000o\000m\000p\000o\000n\000e\000n\000t}{subsection.8.2}% 56
\BOOKMARK [3][-]{subsubsection.8.2.2}{\376\377\000R\000r\000r\000\040\000C\000o\000m\000p\000o\000n\000e\000n\000t}{subsection.8.2}% 57
\BOOKMARK [3][-]{subsubsection.8.2.3}{\376\377\000R\000r\000r\000\040\000C\000o\000m\000p\000o\000n\000e\000n\000t}{subsection.8.2}% 58
\BOOKMARK [3][-]{subsubsection.8.2.4}{\376\377\000R\000e\000m\000a\000i\000n\000i\000n\000g\000\040\000T\000h\000r\000e\000e\000\040\000I\000n\000d\000e\000p\000e\000n\000d\000e\000n\000t\000\040\000C\000o\000m\000p\000o\000n\000e\000n\000t\000s}{subsection.8.2}% 59
\BOOKMARK [2][-]{subsection.8.3}{\376\377\000S\000y\000m\000m\000e\000t\000r\000i\000e\000s\000\040\000a\000n\000d\000\040\000C\000o\000u\000n\000t}{section.8}% 60
\BOOKMARK [1][-]{section.9}{\376\377\000R\000i\000c\000c\000i\000\040\000T\000e\000n\000s\000o\000r\000\040\000a\000n\000d\000\040\000V\000a\000c\000u\000u\000m\000\040\000E\000q\000u\000a\000t\000i\000o\000n\000s}{part.2}% 61
\BOOKMARK [2][-]{subsection.9.1}{\376\377\000R\000i\000c\000c\000i\000\040\000T\000e\000n\000s\000o\000r\000:\000\040\000C\000o\000n\000t\000r\000a\000c\000t\000i\000o\000n\000\040\000o\000f\000\040\000R\000i\000e\000m\000a\000n\000n}{section.9}% 62
\BOOKMARK [2][-]{subsection.9.2}{\376\377\000R\000t\000t\000\040\000=\000\040\0000}{section.9}% 63
\BOOKMARK [2][-]{subsection.9.3}{\376\377\000R\000r\000r\000\040\000=\000\040\0000}{section.9}% 64
\BOOKMARK [2][-]{subsection.9.4}{\376\377\000R\000\040\000=\000\040\0000\000\040\000a\000n\000d\000\040\000R\000\040\000=\000\040\0000}{section.9}% 65
\BOOKMARK [2][-]{subsection.9.5}{\376\377\000V\000a\000c\000u\000u\000m\000\040\000V\000e\000r\000i\000f\000i\000c\000a\000t\000i\000o\000n\000\040\000C\000o\000m\000p\000l\000e\000t\000e}{section.9}% 66
\BOOKMARK [1][-]{section.10}{\376\377\000K\000r\000e\000t\000s\000c\000h\000m\000a\000n\000n\000\040\000I\000n\000v\000a\000r\000i\000a\000n\000t}{part.2}% 67
\BOOKMARK [2][-]{subsection.10.1}{\376\377\000D\000e\000f\000i\000n\000i\000t\000i\000o\000n\000\040\000a\000n\000d\000\040\000P\000h\000y\000s\000i\000c\000a\000l\000\040\000S\000i\000g\000n\000i\000f\000i\000c\000a\000n\000c\000e}{section.10}% 68
\BOOKMARK [2][-]{subsection.10.2}{\376\377\000S\000i\000x\000-\000B\000l\000o\000c\000k\000\040\000D\000e\000c\000o\000m\000p\000o\000s\000i\000t\000i\000o\000n}{section.10}% 69
\BOOKMARK [2][-]{subsection.10.3}{\376\377\000T\000h\000e\000\040\000S\000i\000x\000\040\000B\000l\000o\000c\000k\000s}{section.10}% 70
\BOOKMARK [2][-]{subsection.10.4}{\376\377\000F\000i\000n\000a\000l\000\040\000R\000e\000s\000u\000l\000t}{section.10}% 71
\BOOKMARK [2][-]{subsection.10.5}{\376\377\000D\000i\000v\000e\000r\000g\000e\000n\000c\000e\000\040\000a\000t\000\040\000r\000=\0000}{section.10}% 72
\BOOKMARK [2][-]{subsection.10.6}{\376\377\000H\000e\000i\000g\000h\000t\000\040\0000\000\040\000C\000o\000m\000p\000u\000t\000a\000t\000i\000o\000n}{section.10}% 73
\BOOKMARK [0][-]{part.3}{\376\377\000I\000I\000I\000\040\000C\000o\000d\000e\000\040\000D\000o\000c\000u\000m\000e\000n\000t\000a\000t\000i\000o\000n}{}% 74
\BOOKMARK [1][-]{section.11}{\376\377\000R\000e\000p\000o\000s\000i\000t\000o\000r\000y\000\040\000O\000r\000g\000a\000n\000i\000z\000a\000t\000i\000o\000n}{part.3}% 75
\BOOKMARK [2][-]{subsection.11.1}{\376\377\000F\000i\000l\000e\000\040\000S\000t\000r\000u\000c\000t\000u\000r\000e}{section.11}% 76
\BOOKMARK [2][-]{subsection.11.2}{\376\377\000D\000e\000p\000e\000n\000d\000e\000n\000c\000i\000e\000s}{section.11}% 77
\BOOKMARK [2][-]{subsection.11.3}{\376\377\000B\000u\000i\000l\000d\000\040\000S\000y\000s\000t\000e\000m}{section.11}% 78
\BOOKMARK [1][-]{section.12}{\376\377\000R\000e\000p\000r\000e\000s\000e\000n\000t\000a\000t\000i\000v\000e\000\040\000C\000o\000d\000e\000\040\000B\000l\000o\000c\000k\000s\000:\000\040\000S\000c\000h\000w\000a\000r\000z\000s\000c\000h\000i\000l\000d\000.\000l\000e\000a\000n}{part.3}% 79
\BOOKMARK [2][-]{subsection.12.1}{\376\377\000B\000l\000o\000c\000k\000\040\0003\000.\0002\000.\0001\000:\000\040\000D\000e\000f\000i\000n\000i\000t\000i\000o\000n\000\040\000o\000f\000\040\000f\000\050\000r\000\051}{section.12}% 80
\BOOKMARK [3][-]{subsubsection.12.1.1}{\376\377\000M\000a\000t\000h\000e\000m\000a\000t\000i\000c\000a\000l\000\040\000S\000t\000a\000t\000e\000m\000e\000n\000t}{subsection.12.1}% 81
\BOOKMARK [3][-]{subsubsection.12.1.2}{\376\377\000L\000e\000a\000n\000\040\000C\000o\000d\000e}{subsection.12.1}% 82
\BOOKMARK [2][-]{subsection.12.2}{\376\377\000V\000e\000r\000i\000f\000i\000c\000a\000t\000i\000o\000n\000\040\000M\000e\000t\000r\000i\000c\000s}{section.12}% 83
\BOOKMARK [2][-]{subsection.12.3}{\376\377\000C\000I\000/\000C\000D\000\040\000I\000n\000t\000e\000g\000r\000a\000t\000i\000o\000n}{section.12}% 84
\BOOKMARK [2][-]{subsection.12.4}{\376\377\000D\000e\000p\000e\000n\000d\000e\000n\000c\000y\000\040\000G\000r\000a\000p\000h}{section.12}% 85
\BOOKMARK [2][-]{subsection.12.5}{\376\377\000P\000r\000o\000o\000f\000\040\000A\000u\000d\000i\000t\000\040\000T\000r\000a\000i\000l}{section.12}% 86
\BOOKMARK [0][-]{part.4}{\376\377\000I\000V\000\040\000I\000n\000s\000i\000g\000h\000t\000s\000\040\000a\000n\000d\000\040\000R\000e\000f\000l\000e\000c\000t\000i\000o\000n\000s}{}% 87
\BOOKMARK [1][-]{section.13}{\376\377\000A\000I\000\040\000C\000o\000l\000l\000a\000b\000o\000r\000a\000t\000i\000o\000n\000:\000\040\000A\000\040\000M\000u\000l\000t\000i\000-\000A\000g\000e\000n\000t\000\040\000C\000a\000s\000e\000\040\000S\000t\000u\000d\000y}{part.4}% 88
\BOOKMARK [2][-]{subsection.13.1}{\376\377\000C\000l\000a\000u\000d\000e\000\040\000C\000o\000d\000e\000:\000\040\000R\000e\000p\000o\000s\000i\000t\000o\000r\000y\000\040\000M\000a\000n\000a\000g\000e\000m\000e\000n\000t\000\040\000a\000n\000d\000\040\000I\000m\000p\000l\000e\000m\000e\000n\000t\000a\000t\000i\000o\000n}{section.13}% 89
\BOOKMARK [2][-]{subsection.13.2}{\376\377\000G\000P\000T\000-\0005\000-\000P\000r\000o\000\040\000\050\0002\0000\0002\0005\000\051\000:\000\040\000J\000u\000n\000i\000o\000r\000\040\000T\000a\000c\000t\000i\000c\000s\000\040\000P\000r\000o\000f\000e\000s\000s\000o\000r}{section.13}% 90
\BOOKMARK [2][-]{subsection.13.3}{\376\377\000L\000e\000s\000s\000o\000n\000s\000\040\000f\000o\000r\000\040\000F\000u\000t\000u\000r\000e\000\040\000A\000I\000-\000A\000s\000s\000i\000s\000t\000e\000d\000\040\000F\000o\000r\000m\000a\000l\000i\000z\000a\000t\000i\000o\000n}{section.13}% 91
\BOOKMARK [1][-]{section.14}{\376\377\000M\000a\000t\000h\000e\000m\000a\000t\000i\000c\000a\000l\000\040\000I\000n\000s\000i\000g\000h\000t\000s\000\040\000f\000r\000o\000m\000\040\000F\000o\000r\000m\000a\000l\000i\000z\000a\000t\000i\000o\000n}{part.4}% 92
\BOOKMARK [2][-]{subsection.14.1}{\376\377\000T\000h\000e\000\040\000S\000u\000b\000t\000l\000e\000t\000y\000\040\000o\000f\000\040\000C\0002\000\040\000S\000m\000o\000o\000t\000h\000n\000e\000s\000s}{section.14}% 93
\BOOKMARK [2][-]{subsection.14.2}{\376\377\000F\000a\000l\000s\000e\000\040\000S\000t\000a\000r\000t\000s\000:\000\040\000T\000h\000e\000\040\000R\000a\000c\000a\000d\000\040\000=\0000\000\040\000D\000i\000s\000c\000o\000v\000e\000r\000y}{section.14}% 94
