\BOOKMARK [1][-]{section.1}{\376\377\000I\000n\000t\000r\000o\000d\000u\000c\000t\000i\000o\000n}{}% 1
\BOOKMARK [2][-]{subsection.1.1}{\376\377\000M\000a\000i\000n\000\040\000r\000e\000s\000u\000l\000t\000s}{section.1}% 2
\BOOKMARK [2][-]{subsection.1.2}{\376\377\000C\000R\000M\000\040\000p\000r\000i\000m\000e\000r}{section.1}% 3
\BOOKMARK [2][-]{subsection.1.3}{\376\377\000T\000h\000e\000\040\000D\000P\000T\000\040\000f\000r\000a\000m\000e\000w\000o\000r\000k}{section.1}% 4
\BOOKMARK [2][-]{subsection.1.4}{\376\377\000T\000r\000a\000j\000e\000c\000t\000o\000r\000y\000:\000\040\000P\000a\000p\000e\000r\000s\000\040\0005\0000\040\023\0005\0009\000\040\000t\000o\000\040\000P\000a\000p\000e\000r\000\040\0006\0000}{section.1}% 5
\BOOKMARK [2][-]{subsection.1.5}{\376\377\000S\000t\000a\000t\000e\000\040\000o\000f\000\040\000t\000h\000e\000\040\000a\000r\000t}{section.1}% 6
\BOOKMARK [2][-]{subsection.1.6}{\376\377\000C\000a\000v\000e\000a\000t\000s}{section.1}% 7
\BOOKMARK [1][-]{section.2}{\376\377\000C\000o\000m\000p\000l\000e\000t\000e\000n\000e\000s\000s\000\040\000o\000f\000\040\000t\000h\000e\000\040\000p\000u\000r\000e\000\040\000m\000o\000t\000i\000v\000e\000\040\000f\000r\000a\000m\000e\000w\000o\000r\000k}{}% 8
\BOOKMARK [1][-]{section.3}{\376\377\000T\000h\000e\000\040\000m\000i\000x\000e\000d\000\040\000m\000o\000t\000i\000v\000e\000\040\000f\000r\000o\000n\000t\000i\000e\000r\000:\000\040\000E\000x\000t\0001\000\040\000d\000e\000c\000i\000d\000a\000b\000i\000l\000i\000t\000y}{}% 9
\BOOKMARK [2][-]{subsection.3.1}{\376\377\000T\000h\000e\000\040\000p\000r\000o\000b\000l\000e\000m}{section.3}% 10
\BOOKMARK [2][-]{subsection.3.2}{\376\377\000T\000h\000e\000\040\000N\000o\000r\000t\000h\000c\000o\000t\000t\000\040\000p\000r\000e\000r\000e\000q\000u\000i\000s\000i\000t\000e}{section.3}% 11
\BOOKMARK [1][-]{section.4}{\376\377\000T\000h\000e\000\040\000a\000n\000a\000l\000y\000t\000i\000c\000\040\000r\000a\000n\000k\000\040\000s\000t\000r\000a\000t\000i\000f\000i\000c\000a\000t\000i\000o\000n}{}% 12
\BOOKMARK [1][-]{section.5}{\376\377\000E\000x\000a\000m\000p\000l\000e\000s}{}% 13
\BOOKMARK [2][-]{subsection.5.1}{\376\377\000R\000a\000n\000k\000\040\0000\000:\000\040\000E\000\040\000=\000\040\000X\0000\000\050\0001\0001\000\051}{section.5}% 14
\BOOKMARK [2][-]{subsection.5.2}{\376\377\000R\000a\000n\000k\000\040\0001\000:\000\040\000E\000\040\000=\000\040\0003\0007\000a\0001}{section.5}% 15
\BOOKMARK [2][-]{subsection.5.3}{\376\377\000R\000a\000n\000k\000\040\0002\000:\000\040\000E\000\040\000=\000\040\0003\0008\0009\000a\0001}{section.5}% 16
\BOOKMARK [1][-]{section.6}{\376\377\000C\000R\000M\000\040\000a\000u\000d\000i\000t}{}% 17
\BOOKMARK [1][-]{section.7}{\376\377\000D\000i\000s\000c\000u\000s\000s\000i\000o\000n}{}% 18
\BOOKMARK [2][-]{subsection.7.1}{\376\377\000T\000h\000e\000\040\000c\000o\000m\000p\000l\000e\000t\000e\000\040\000D\000P\000T\000\040\000p\000r\000o\000g\000r\000a\000m\000m\000e}{section.7}% 19
\BOOKMARK [2][-]{subsection.7.2}{\376\377\000T\000h\000e\000\040\000M\000e\000t\000a\000p\000o\000s\000t\000\040\000b\000o\000u\000n\000d\000a\000r\000y\000\040\000a\000n\000d\000\040\000g\000e\000o\000m\000e\000t\000r\000y\000\040\000o\000f\000\040\000n\000u\000m\000b\000e\000r\000s}{section.7}% 20
\BOOKMARK [2][-]{subsection.7.3}{\376\377\000C\000a\000n\000d\000i\000d\000a\000t\000e\000\040\000A\000x\000i\000o\000m\000\040\0004}{section.7}% 21
\BOOKMARK [2][-]{subsection.7.4}{\376\377\000O\000p\000e\000n\000\040\000q\000u\000e\000s\000t\000i\000o\000n\000s}{section.7}% 22
\BOOKMARK [2][-]{subsection.7.5}{\376\377\000S\000c\000o\000p\000e\000\040\000o\000f\000\040\000c\000o\000n\000t\000r\000i\000b\000u\000t\000i\000o\000n}{section.7}% 23
\BOOKMARK [1][-]{section.8}{\376\377\000C\000o\000n\000c\000l\000u\000s\000i\000o\000n}{}% 24
