\BOOKMARK [1][-]{section.1}{\376\377\000I\000n\000t\000r\000o\000d\000u\000c\000t\000i\000o\000n}{}% 1
\BOOKMARK [1][-]{section.2}{\376\377\000B\000a\000c\000k\000g\000r\000o\000u\000n\000d}{}% 2
\BOOKMARK [2][-]{subsection.2.1}{\376\377\000T\000h\000e\000\040\000C\000P\000g\000W\000\040\000C\000o\000n\000s\000t\000r\000u\000c\000t\000i\000o\000n}{section.2}% 3
\BOOKMARK [2][-]{subsection.2.2}{\376\377\000T\000h\000e\000\040\000C\000R\000M\000\040\000P\000r\000o\000g\000r\000a\000m\000'\000s\000\040\000F\000r\000a\000m\000e\000w\000o\000r\000k}{section.2}% 4
\BOOKMARK [2][-]{subsection.2.3}{\376\377\000T\000h\000e\000\040\000K\000e\000y\000\040\000I\000d\000e\000n\000t\000i\000f\000i\000c\000a\000t\000i\000o\000n}{section.2}% 5
\BOOKMARK [1][-]{section.3}{\376\377\000T\000h\000e\000o\000r\000e\000m\000\040\0001\000:\000\040\000F\000i\000n\000i\000t\000e\000-\000V\000o\000l\000u\000m\000e\000\040\000G\000a\000p\000\040\000I\000s\000\040\000B\000I\000S\000H}{}% 6
\BOOKMARK [1][-]{section.4}{\376\377\000T\000h\000e\000o\000r\000e\000m\000\040\0002\000:\000\040\000T\000h\000e\000r\000m\000o\000d\000y\000n\000a\000m\000i\000c\000\040\000L\000i\000m\000i\000t\000\040\000\040\000L\000P\000O}{}% 7
\BOOKMARK [1][-]{section.5}{\376\377\000T\000h\000e\000o\000r\000e\000m\000\040\0003\000:\000\040\000P\000o\000i\000n\000t\000w\000i\000s\000e\000\040\000D\000e\000c\000i\000d\000a\000b\000i\000l\000i\000t\000y}{}% 8
\BOOKMARK [1][-]{section.6}{\376\377\000T\000h\000e\000o\000r\000e\000m\000\040\0004\000:\000\040\000P\000h\000y\000s\000i\000c\000a\000l\000\040\000G\000a\000p\000\040\000Z\000e\000r\000o\000-\000T\000e\000s\000t\000\040\000\040\000W\000L\000P\000O}{}% 9
\BOOKMARK [1][-]{section.7}{\376\377\000T\000h\000e\000o\000r\000e\000m\000\040\0005\000:\000\040\000C\000u\000b\000i\000t\000t\000'\000s\000\040\000U\000n\000d\000e\000c\000i\000d\000a\000b\000i\000l\000i\000t\000y\000\040\000\040\000L\000P\000O}{}% 10
\BOOKMARK [1][-]{section.8}{\376\377\000T\000h\000e\000\040\000S\000t\000r\000a\000t\000i\000f\000i\000c\000a\000t\000i\000o\000n}{}% 11
\BOOKMARK [1][-]{section.9}{\376\377\000C\000o\000n\000n\000e\000c\000t\000i\000o\000n\000\040\000t\000o\000\040\000P\000a\000p\000e\000r\000\040\0002\0006}{}% 12
\BOOKMARK [1][-]{section.10}{\376\377\000C\000R\000M\000\040\000A\000u\000d\000i\000t}{}% 13
\BOOKMARK [1][-]{section.11}{\376\377\000C\000o\000d\000e\000\040\000A\000r\000c\000h\000i\000t\000e\000c\000t\000u\000r\000e}{}% 14
\BOOKMARK [2][-]{subsection.11.1}{\376\377\000A\000x\000i\000o\000m\000\040\000A\000u\000d\000i\000t}{section.11}% 15
\BOOKMARK [1][-]{section.12}{\376\377\000I\000m\000p\000l\000i\000c\000a\000t\000i\000o\000n\000s\000\040\000f\000o\000r\000\040\000P\000h\000y\000s\000i\000c\000s}{}% 16
\BOOKMARK [2][-]{subsection.12.1}{\376\377\000F\000o\000r\000\040\000C\000o\000n\000d\000e\000n\000s\000e\000d\000\040\000M\000a\000t\000t\000e\000r\000\040\000P\000h\000y\000s\000i\000c\000i\000s\000t\000s}{section.12}% 17
\BOOKMARK [2][-]{subsection.12.2}{\376\377\000F\000o\000r\000\040\000F\000o\000u\000n\000d\000a\000t\000i\000o\000n\000s\000\040\000o\000f\000\040\000P\000h\000y\000s\000i\000c\000s}{section.12}% 18
\BOOKMARK [2][-]{subsection.12.3}{\376\377\000S\000t\000r\000e\000s\000s\000\040\000T\000e\000s\000t\000\040\000f\000o\000r\000\040\000B\000I\000S\000H\000+\000L\000P\000O}{section.12}% 19
\BOOKMARK [1][-]{section.13}{\376\377\000R\000e\000p\000r\000o\000d\000u\000c\000i\000b\000i\000l\000i\000t\000y}{}% 20
\BOOKMARK [1][-]{section.14}{\376\377\000C\000o\000n\000c\000l\000u\000s\000i\000o\000n}{}% 21
\BOOKMARK [1][-]{section.15}{\376\377\000A\000I\000-\000A\000s\000s\000i\000s\000t\000e\000d\000\040\000M\000e\000t\000h\000o\000d\000o\000l\000o\000g\000y}{}% 22
