\BOOKMARK [1][-]{section.1}{\376\377\000I\000n\000t\000r\000o\000d\000u\000c\000t\000i\000o\000n}{}% 1
\BOOKMARK [2][-]{subsection.1.1}{\376\377\000C\000o\000n\000t\000e\000x\000t}{section.1}% 2
\BOOKMARK [2][-]{subsection.1.2}{\376\377\000T\000h\000e\000\040\000s\000p\000e\000c\000i\000a\000l\000i\000z\000a\000t\000i\000o\000n\000\040\000s\000t\000r\000a\000t\000e\000g\000y}{section.1}% 3
\BOOKMARK [2][-]{subsection.1.3}{\376\377\000M\000a\000i\000n\000\040\000r\000e\000s\000u\000l\000t\000s}{section.1}% 4
\BOOKMARK [1][-]{section.2}{\376\377\000P\000r\000e\000l\000i\000m\000i\000n\000a\000r\000i\000e\000s}{}% 5
\BOOKMARK [1][-]{section.3}{\376\377\000T\000h\000e\000\040\000n\000a\000i\000v\000e\000\040\000t\000r\000a\000n\000s\000f\000e\000r\000\040\000a\000n\000d\000\040\000t\000h\000e\000\040\000c\000o\000k\000e\000r\000n\000e\000l\000\040\000o\000b\000s\000t\000r\000u\000c\000t\000i\000o\000n}{}% 6
\BOOKMARK [2][-]{subsection.3.1}{\376\377\000S\000e\000t\000u\000p}{section.3}% 7
\BOOKMARK [2][-]{subsection.3.2}{\376\377\000W\000h\000a\000t\000\040\000t\000r\000a\000n\000s\000f\000e\000r\000s\000\040\000a\000n\000d\000\040\000w\000h\000a\000t\000\040\000d\000o\000e\000s\000\040\000n\000o\000t}{section.3}% 8
\BOOKMARK [1][-]{section.4}{\376\377\000T\000h\000e\000\040\000L\000e\000f\000s\000c\000h\000e\000t\000z\000\040\000r\000i\000n\000g\000\040\000r\000o\000u\000t\000e}{}% 9
\BOOKMARK [2][-]{subsection.4.1}{\376\377\000T\000h\000e\000\040\000L\000e\000f\000s\000c\000h\000e\000t\000z\000\040\000r\000i\000n\000g\000\040\000a\000n\000d\000\040\000i\000t\000s\000\040\000d\000e\000f\000i\000n\000i\000t\000e\000n\000e\000s\000s}{section.4}% 10
\BOOKMARK [2][-]{subsection.4.2}{\376\377\000S\000u\000b\000-\000L\000e\000f\000s\000c\000h\000e\000t\000z\000\040\000s\000t\000a\000b\000i\000l\000i\000t\000y}{section.4}% 11
\BOOKMARK [1][-]{section.5}{\376\377\000A\000l\000l\000\040\000T\000a\000t\000e\000\040\000c\000l\000a\000s\000s\000e\000s\000\040\000a\000r\000e\000\040\000L\000e\000f\000s\000c\000h\000e\000t\000z\000\040\000f\000o\000r\000\040\000g\000\040\0003}{}% 12
\BOOKMARK [2][-]{subsection.5.1}{\376\377\000D\000i\000m\000e\000n\000s\000i\000o\000n\000s\000\040\000g\000\040\000=\000\040\0001\000\040\000a\000n\000d\000\040\000g\000\040\000=\000\040\0002\000:\000\040\000t\000r\000i\000v\000i\000a\000l\000\040\000b\000y\000\040\000d\000i\000m\000e\000n\000s\000i\000o\000n\000a\000l\000\040\000c\000o\000n\000s\000t\000r\000a\000i\000n\000t}{section.5}% 13
\BOOKMARK [2][-]{subsection.5.2}{\376\377\000D\000i\000m\000e\000n\000s\000i\000o\000n\000\040\000g\000\040\000=\000\040\0003\000:\000\040\000t\000h\000e\000\040\000H\000a\000r\000d\000\040\000L\000e\000f\000s\000c\000h\000e\000t\000z\000\040\000a\000r\000g\000u\000m\000e\000n\000t}{section.5}% 14
\BOOKMARK [1][-]{section.6}{\376\377\000P\000r\000o\000o\000f\000\040\000o\000f\000\040\000t\000h\000e\000\040\000m\000a\000i\000n\000\040\000t\000h\000e\000o\000r\000e\000m}{}% 15
\BOOKMARK [1][-]{section.7}{\376\377\000T\000h\000e\000\040\000d\000i\000m\000e\000n\000s\000i\000o\000n\000-\0004\000\040\000o\000b\000s\000t\000r\000u\000c\000t\000i\000o\000n}{}% 16
\BOOKMARK [2][-]{subsection.7.1}{\376\377\000W\000h\000y\000\040\000t\000h\000e\000\040\000a\000r\000g\000u\000m\000e\000n\000t\000\040\000f\000a\000i\000l\000s\000\040\000a\000t\000\040\000g\000\040\000=\000\040\0004}{section.7}% 17
\BOOKMARK [2][-]{subsection.7.2}{\376\377\000E\000x\000o\000t\000i\000c\000\040\000T\000a\000t\000e\000\040\000c\000l\000a\000s\000s\000e\000s}{section.7}% 18
\BOOKMARK [2][-]{subsection.7.3}{\376\377\000N\000o\000n\000-\000l\000i\000f\000t\000a\000b\000l\000e\000\040\000e\000x\000o\000t\000i\000c\000\040\000c\000l\000a\000s\000s\000e\000s\000\040\000a\000t\000\040\000g\000\040\0005}{section.7}% 19
\BOOKMARK [2][-]{subsection.7.4}{\376\377\000T\000h\000e\000\040\000d\000i\000m\000e\000n\000s\000i\000o\000n\000-\0004\000\040\000c\000o\000i\000n\000c\000i\000d\000e\000n\000c\000e}{section.7}% 20
\BOOKMARK [1][-]{section.8}{\376\377\000C\000R\000M\000\040\000A\000u\000d\000i\000t}{}% 21
\BOOKMARK [2][-]{subsection.8.1}{\376\377\000C\000o\000n\000s\000t\000r\000u\000c\000t\000i\000v\000e\000\040\000s\000t\000r\000e\000n\000g\000t\000h\000\040\000c\000l\000a\000s\000s\000i\000f\000i\000c\000a\000t\000i\000o\000n}{section.8}% 22
\BOOKMARK [2][-]{subsection.8.2}{\376\377\000D\000e\000c\000i\000d\000a\000b\000i\000l\000i\000t\000y\000\040\000t\000r\000a\000n\000s\000f\000e\000r\000\040\000a\000s\000\040\000d\000e\000-\000o\000m\000n\000i\000s\000c\000i\000e\000n\000t\000i\000z\000i\000n\000g\000\040\000d\000e\000s\000c\000e\000n\000t}{section.8}% 23
\BOOKMARK [2][-]{subsection.8.3}{\376\377\000W\000h\000a\000t\000\040\000d\000e\000s\000c\000e\000n\000d\000s\000,\000\040\000f\000r\000o\000m\000\040\000w\000h\000e\000r\000e\000,\000\040\000t\000o\000\040\000w\000h\000e\000r\000e}{section.8}% 24
\BOOKMARK [2][-]{subsection.8.4}{\376\377\000C\000o\000m\000p\000a\000r\000i\000s\000o\000n\000\040\000w\000i\000t\000h\000\040\000e\000a\000r\000l\000i\000e\000r\000\040\000c\000a\000l\000i\000b\000r\000a\000t\000i\000o\000n\000\040\000p\000a\000t\000t\000e\000r\000n\000s}{section.8}% 25
\BOOKMARK [1][-]{section.9}{\376\377\000F\000o\000r\000m\000a\000l\000\040\000V\000e\000r\000i\000f\000i\000c\000a\000t\000i\000o\000n}{}% 26
\BOOKMARK [2][-]{subsection.9.1}{\376\377\000F\000i\000l\000e\000\040\000s\000t\000r\000u\000c\000t\000u\000r\000e\000\040\000a\000n\000d\000\040\000b\000u\000i\000l\000d\000\040\000s\000t\000a\000t\000u\000s}{section.9}% 27
\BOOKMARK [2][-]{subsection.9.2}{\376\377\000A\000x\000i\000o\000m\000\040\000i\000n\000v\000e\000n\000t\000o\000r\000y}{section.9}% 28
\BOOKMARK [2][-]{subsection.9.3}{\376\377\000K\000e\000y\000\040\000c\000o\000d\000e\000\040\000s\000n\000i\000p\000p\000e\000t\000s}{section.9}% 29
\BOOKMARK [2][-]{subsection.9.4}{\376\377\000\043\000p\000r\000i\000n\000t\000\040\000a\000x\000i\000o\000m\000s\000\040\000o\000u\000t\000p\000u\000t}{section.9}% 30
\BOOKMARK [2][-]{subsection.9.5}{\376\377\000C\000l\000a\000s\000s\000i\000c\000a\000l\000.\000c\000h\000o\000i\000c\000e\000\040\000a\000u\000d\000i\000t}{section.9}% 31
\BOOKMARK [2][-]{subsection.9.6}{\376\377\000F\000o\000r\000m\000a\000l\000i\000z\000a\000t\000i\000o\000n\000\040\000s\000c\000o\000p\000e}{section.9}% 32
\BOOKMARK [2][-]{subsection.9.7}{\376\377\000R\000e\000p\000r\000o\000d\000u\000c\000i\000b\000i\000l\000i\000t\000y}{section.9}% 33
\BOOKMARK [1][-]{section.10}{\376\377\000D\000i\000s\000c\000u\000s\000s\000i\000o\000n}{}% 34
\BOOKMARK [2][-]{subsection.10.1}{\376\377\000T\000h\000e\000\040\000g\000h\000o\000s\000t\000\040\000o\000f\000\040\000t\000h\000e\000\040\000A\000r\000c\000h\000i\000m\000e\000d\000e\000a\000n\000\040\000p\000l\000a\000c\000e}{section.10}% 35
\BOOKMARK [2][-]{subsection.10.2}{\376\377\000F\000r\000o\000b\000e\000n\000i\000u\000s\000\040\000d\000o\000e\000s\000\040\000n\000o\000t\000\040\000h\000e\000l\000p}{section.10}% 36
\BOOKMARK [2][-]{subsection.10.3}{\376\377\000C\000o\000n\000n\000e\000c\000t\000i\000o\000n\000\040\000t\000o\000\040\000t\000h\000e\000\040\000d\000e\000-\000o\000m\000n\000i\000s\000c\000i\000e\000n\000t\000i\000z\000i\000n\000g\000\040\000d\000e\000s\000c\000e\000n\000t\000\040\000p\000r\000o\000g\000r\000a\000m}{section.10}% 37
\BOOKMARK [2][-]{subsection.10.4}{\376\377\000O\000p\000e\000n\000\040\000q\000u\000e\000s\000t\000i\000o\000n\000s}{section.10}% 38
\BOOKMARK [1][-]{section.11}{\376\377\000C\000o\000n\000c\000l\000u\000s\000i\000o\000n}{}% 39
\BOOKMARK [1][-]{section*.2}{\376\377\000A\000c\000k\000n\000o\000w\000l\000e\000d\000g\000m\000e\000n\000t\000s}{}% 40
